# JRE version: Java(TM) SE Runtime Environment (7.0_79-b15) (build 1.7.0_79-b15)
# Java VM: Java HotSpot(TM) 64-Bit Server VM (24.79-b02 mixed mode windows-amd64 compressed oops)
Heap
 PSYoungGen      total 196608K, used 150366K [0x00000000eaa80000, 0x00000000fce00000, 0x0000000100000000)
  eden space 136192K, 83% used [0x00000000eaa80000,0x00000000f19a2e40,0x00000000f2f80000)
  from space 60416K, 60% used [0x00000000f2f80000,0x00000000f5334bb8,0x00000000f6a80000)
  to   space 66560K, 0% used [0x00000000f8d00000,0x00000000f8d00000,0x00000000fce00000)
 ParOldGen       total 151552K, used 151137K [0x00000000c0000000, 0x00000000c9400000, 0x00000000eaa80000)
  object space 151552K, 99% used [0x00000000c0000000,0x00000000c9398518,0x00000000c9400000)
 PSPermGen       total 21504K, used 6080K [0x00000000bae00000, 0x00000000bc300000, 0x00000000c0000000)
  object space 21504K, 28% used [0x00000000bae00000,0x00000000bb3f0068,0x00000000bc300000)
GC Heap History (10 events):
Event: 13.743 GC heap before
{Heap before GC invocations=10 (full 1):
 PSYoungGen      total 137216K, used 124830K [0x00000000eaa80000, 0x00000000f5b80000, 0x0000000100000000)
  eden space 120832K, 100% used [0x00000000eaa80000,0x00000000f2080000,0x00000000f2080000)
  from space 16384K, 24% used [0x00000000f3980000,0x00000000f3d67a70,0x00000000f4980000)
  to   space 25600K, 0% used [0x00000000f2080000,0x00000000f2080000,0x00000000f3980000)
 ParOldGen       total 80384K, used 42478K [0x00000000c0000000, 0x00000000c4e80000, 0x00000000eaa80000)
  object space 80384K, 52% used [0x00000000c0000000,0x00000000c297bb90,0x00000000c4e80000)
 PSPermGen       total 21504K, used 6052K [0x00000000bae00000, 0x00000000bc300000, 0x00000000c0000000)
  object space 21504K, 28% used [0x00000000bae00000,0x00000000bb3e93c0,0x00000000bc300000)
Event: 13.963 GC heap after
Heap after GC invocations=10 (full 1):
 PSYoungGen      total 146432K, used 25568K [0x00000000eaa80000, 0x00000000f9400000, 0x0000000100000000)
  eden space 120832K, 0% used [0x00000000eaa80000,0x00000000eaa80000,0x00000000f2080000)
  from space 25600K, 99% used [0x00000000f2080000,0x00000000f3978278,0x00000000f3980000)
  to   space 42496K, 0% used [0x00000000f6a80000,0x00000000f6a80000,0x00000000f9400000)
 ParOldGen       total 80384K, used 73177K [0x00000000c0000000, 0x00000000c4e80000, 0x00000000eaa80000)
  object space 80384K, 91% used [0x00000000c0000000,0x00000000c47767c0,0x00000000c4e80000)
 PSPermGen       total 21504K, used 6052K [0x00000000bae00000, 0x00000000bc300000, 0x00000000c0000000)
  object space 21504K, 28% used [0x00000000bae00000,0x00000000bb3e93c0,0x00000000bc300000)
}
Event: 13.963 GC heap before
{Heap before GC invocations=11 (full 2):
 PSYoungGen      total 146432K, used 25568K [0x00000000eaa80000, 0x00000000f9400000, 0x0000000100000000)
  eden space 120832K, 0% used [0x00000000eaa80000,0x00000000eaa80000,0x00000000f2080000)
  from space 25600K, 99% used [0x00000000f2080000,0x00000000f3978278,0x00000000f3980000)
  to   space 42496K, 0% used [0x00000000f6a80000,0x00000000f6a80000,0x00000000f9400000)
 ParOldGen       total 80384K, used 73177K [0x00000000c0000000, 0x00000000c4e80000, 0x00000000eaa80000)
  object space 80384K, 91% used [0x00000000c0000000,0x00000000c47767c0,0x00000000c4e80000)
 PSPermGen       total 21504K, used 6052K [0x00000000bae00000, 0x00000000bc300000, 0x00000000c0000000)
  object space 21504K, 28% used [0x00000000bae00000,0x00000000bb3e93c0,0x00000000bc300000)
Event: 16.576 GC heap after
Heap after GC invocations=11 (full 2):
 PSYoungGen      total 146432K, used 14768K [0x00000000eaa80000, 0x00000000f9400000, 0x0000000100000000)
  eden space 120832K, 0% used [0x00000000eaa80000,0x00000000eaa80000,0x00000000f2080000)
  from space 25600K, 57% used [0x00000000f2080000,0x00000000f2eec168,0x00000000f3980000)
  to   space 42496K, 0% used [0x00000000f6a80000,0x00000000f6a80000,0x00000000f9400000)
 ParOldGen       total 148992K, used 80124K [0x00000000c0000000, 0x00000000c9180000, 0x00000000eaa80000)
  object space 148992K, 53% used [0x00000000c0000000,0x00000000c4e3f1b0,0x00000000c9180000)
 PSPermGen       total 21504K, used 6052K [0x00000000bae00000, 0x00000000bc300000, 0x00000000c0000000)
  object space 21504K, 28% used [0x00000000bae00000,0x00000000bb3e92c0,0x00000000bc300000)
}
Event: 17.579 GC heap before
{Heap before GC invocations=12 (full 2):
 PSYoungGen      total 146432K, used 135600K [0x00000000eaa80000, 0x00000000f9400000, 0x0000000100000000)
  eden space 120832K, 100% used [0x00000000eaa80000,0x00000000f2080000,0x00000000f2080000)
  from space 25600K, 57% used [0x00000000f2080000,0x00000000f2eec168,0x00000000f3980000)
  to   space 42496K, 0% used [0x00000000f6a80000,0x00000000f6a80000,0x00000000f9400000)
 ParOldGen       total 148992K, used 80124K [0x00000000c0000000, 0x00000000c9180000, 0x00000000eaa80000)
  object space 148992K, 53% used [0x00000000c0000000,0x00000000c4e3f1b0,0x00000000c9180000)
 PSPermGen       total 21504K, used 6066K [0x00000000bae00000, 0x00000000bc300000, 0x00000000c0000000)
  object space 21504K, 28% used [0x00000000bae00000,0x00000000bb3ecac8,0x00000000bc300000)
Event: 18.068 GC heap after
Heap after GC invocations=12 (full 2):
 PSYoungGen      total 178688K, used 42495K [0x00000000eaa80000, 0x00000000fa700000, 0x0000000100000000)
  eden space 136192K, 0% used [0x00000000eaa80000,0x00000000eaa80000,0x00000000f2f80000)
  from space 42496K, 99% used [0x00000000f6a80000,0x00000000f93ffc48,0x00000000f9400000)
  to   space 60416K, 0% used [0x00000000f2f80000,0x00000000f2f80000,0x00000000f6a80000)
 ParOldGen       total 148992K, used 108370K [0x00000000c0000000, 0x00000000c9180000, 0x00000000eaa80000)
  object space 148992K, 72% used [0x00000000c0000000,0x00000000c69d4b78,0x00000000c9180000)
 PSPermGen       total 21504K, used 6066K [0x00000000bae00000, 0x00000000bc300000, 0x00000000c0000000)
  object space 21504K, 28% used [0x00000000bae00000,0x00000000bb3ecac8,0x00000000bc300000)
}
Event: 19.259 GC heap before
{Heap before GC invocations=13 (full 2):
 PSYoungGen      total 178688K, used 178687K [0x00000000eaa80000, 0x00000000fa700000, 0x0000000100000000)
  eden space 136192K, 100% used [0x00000000eaa80000,0x00000000f2f80000,0x00000000f2f80000)
  from space 42496K, 99% used [0x00000000f6a80000,0x00000000f93ffc48,0x00000000f9400000)
  to   space 60416K, 0% used [0x00000000f2f80000,0x00000000f2f80000,0x00000000f6a80000)
 ParOldGen       total 148992K, used 108370K [0x00000000c0000000, 0x00000000c9180000, 0x00000000eaa80000)
  object space 148992K, 72% used [0x00000000c0000000,0x00000000c69d4b78,0x00000000c9180000)
 PSPermGen       total 21504K, used 6073K [0x00000000bae00000, 0x00000000bc300000, 0x00000000c0000000)
  object space 21504K, 28% used [0x00000000bae00000,0x00000000bb3ee408,0x00000000bc300000)
Event: 19.945 GC heap after
Heap after GC invocations=13 (full 2):
 PSYoungGen      total 196608K, used 47252K [0x00000000eaa80000, 0x00000000fce00000, 0x0000000100000000)
  eden space 136192K, 0% used [0x00000000eaa80000,0x00000000eaa80000,0x00000000f2f80000)
  from space 60416K, 78% used [0x00000000f2f80000,0x00000000f5da52d8,0x00000000f6a80000)
  to   space 66560K, 0% used [0x00000000f8d00000,0x00000000f8d00000,0x00000000fce00000)
 ParOldGen       total 151552K, used 151403K [0x00000000c0000000, 0x00000000c9400000, 0x00000000eaa80000)
  object space 151552K, 99% used [0x00000000c0000000,0x00000000c93dad08,0x00000000c9400000)
 PSPermGen       total 21504K, used 6073K [0x00000000bae00000, 0x00000000bc300000, 0x00000000c0000000)
  object space 21504K, 28% used [0x00000000bae00000,0x00000000bb3ee408,0x00000000bc300000)
}
Event: 19.945 GC heap before
{Heap before GC invocations=14 (full 3):
 PSYoungGen      total 196608K, used 47252K [0x00000000eaa80000, 0x00000000fce00000, 0x0000000100000000)
  eden space 136192K, 0% used [0x00000000eaa80000,0x00000000eaa80000,0x00000000f2f80000)
  from space 60416K, 78% used [0x00000000f2f80000,0x00000000f5da52d8,0x00000000f6a80000)
  to   space 66560K, 0% used [0x00000000f8d00000,0x00000000f8d00000,0x00000000fce00000)
 ParOldGen       total 151552K, used 151403K [0x00000000c0000000, 0x00000000c9400000, 0x00000000eaa80000)
  object space 151552K, 99% used [0x00000000c0000000,0x00000000c93dad08,0x00000000c9400000)
 PSPermGen       total 21504K, used 6073K [0x00000000bae00000, 0x00000000bc300000, 0x00000000c0000000)
  object space 21504K, 28% used [0x00000000bae00000,0x00000000bb3ee408,0x00000000bc300000)
Event: 23.590 GC heap after
Heap after GC invocations=14 (full 3):
 PSYoungGen      total 196608K, used 36562K [0x00000000eaa80000, 0x00000000fce00000, 0x0000000100000000)
  eden space 136192K, 0% used [0x00000000eaa80000,0x00000000eaa80000,0x00000000f2f80000)
  from space 60416K, 60% used [0x00000000f2f80000,0x00000000f5334bb8,0x00000000f6a80000)
  to   space 66560K, 0% used [0x00000000f8d00000,0x00000000f8d00000,0x00000000fce00000)
 ParOldGen       total 151552K, used 151137K [0x00000000c0000000, 0x00000000c9400000, 0x00000000eaa80000)
  object space 151552K, 99% used [0x00000000c0000000,0x00000000c9398518,0x00000000c9400000)
 PSPermGen       total 21504K, used 6072K [0x00000000bae00000, 0x00000000bc300000, 0x00000000c0000000)
  object space 21504K, 28% used [0x00000000bae00000,0x00000000bb3ee3a8,0x00000000bc300000)
}

